#
# A fatal error has been detected by the Java Runtime Environment:
#
#  EXCEPTION_ACCESS_VIOLATION (0xc0000005) at pc=0x00007ffd2e9cda98, pid=23428, tid=5232
#
# JRE version: Java(TM) SE Runtime Environment 18.9 (11.0.23+7) (build 11.0.23+7-LTS-222)
# Java VM: Java HotSpot(TM) 64-Bit Server VM 18.9 (11.0.23+7-LTS-222, mixed mode, tiered, compressed oops, g1 gc, windows-amd64)
# Problematic frame:
# V  [jvm.dll+0x24da98]
#
# No core dump will be written. Minidumps are not enabled by default on client versions of Windows
#
# If you would like to submit a bug report, please visit:
#   https://bugreport.java.com/bugreport/crash.jsp
#

---------------  S U M M A R Y ------------

Command Line: -agentlib:jdwp=transport=dt_socket,suspend=y,address=localhost:63777 -javaagent:C:\Users\ºñÆ®Ä·ÇÁ\Desktop\JAVA\eclipse-jee-2019-09-R-win32-x86_64\eclipse\configuration\org.eclipse.osgi\412\0\.cp\lib\javaagent-shaded.jar -Dfile.encoding=UTF-8 --module-path=C:\Users\ºñÆ®Ä·ÇÁ\Desktop\0514Project\bin -Djdk.module.main=Addr Addr/HashMap_Project.SmartPhoneMain

Host: 12th Gen Intel(R) Core(TM) i9-12900KF, 24 cores, 63G,  Windows 11 , 64 bit Build 22621 (10.0.22621.3374)
Time: Tue May 14 20:13:40 2024  Windows 11 , 64 bit Build 22621 (10.0.22621.3374) elapsed time: 186.683902 seconds (0d 0h 3m 6s)

---------------  T H R E A D  ---------------

Current thread (0x0000017b2f5db800):  VMThread "VM Thread" [stack: 0x00000012de000000,0x00000012de100000] [id=5232]

Stack: [0x00000012de000000,0x00000012de100000],  sp=0x00000012de0fed78,  free space=1019k
Native frames: (J=compiled Java code, j=interpreted, Vv=VM code, C=native code)
V  [jvm.dll+0x24da98]


siginfo: EXCEPTION_ACCESS_VIOLATION (0xc0000005), reading address 0x0000017b30e6c068


Register to memory mapping:

RIP=0x00007ffd2e9cda98 jvm.dll
RAX=0x0000000000194240 is an unknown value
RBX=0x0000017b30cd6e98 is pointing into metadata
RCX=0x0000017b30cd7e28 is pointing into metadata
RDX=0x000000000000ca11 is an unknown value
RSP=0x00000012de0fed78 points into unknown readable memory: 0x00007ffd2e9cdb1e | 1e db 9c 2e fd 7f 00 00
RBP=0x00000012de0ff340 points into unknown readable memory: 0x00007ffd2f021db8 | b8 1d 02 2f fd 7f 00 00
RSI=0x00000012de0ff510 points into unknown readable memory: 0x00007ffd2f063820 | 20 38 06 2f fd 7f 00 00
RDI=0x00000012de0ff510 points into unknown readable memory: 0x00007ffd2f063820 | 20 38 06 2f fd 7f 00 00
R8 =0x0 is NULL
R9 =0x0000017b30cd6e98 is pointing into metadata
R10=0x00000012de0ff510 points into unknown readable memory: 0x00007ffd2f063820 | 20 38 06 2f fd 7f 00 00
R11=0x00000012de0ff240 points into unknown readable memory: 0x00000000000000b6 | b6 00 00 00 00 00 00 00
R12=0x00007ffd2e780000 jvm.dll
R13=0x0000017b2f594b70 points into unknown readable memory: 0x0000000000000000 | 00 00 00 00 00 00 00 00
R14=0x0000017b30cd7865 is pointing into metadata
R15=0x0000000000000044 is an unknown value


Registers:
RAX=0x0000000000194240, RBX=0x0000017b30cd6e98, RCX=0x0000017b30cd7e28, RDX=0x000000000000ca11
RSP=0x00000012de0fed78, RBP=0x00000012de0ff340, RSI=0x00000012de0ff510, RDI=0x00000012de0ff510
R8 =0x0000000000000000, R9 =0x0000017b30cd6e98, R10=0x00000012de0ff510, R11=0x00000012de0ff240
R12=0x00007ffd2e780000, R13=0x0000017b2f594b70, R14=0x0000017b30cd7865, R15=0x0000000000000044
RIP=0x00007ffd2e9cda98, EFLAGS=0x0000000000010202

Top of Stack: (sp=0x00000012de0fed78)
0x00000012de0fed78:   00007ffd2e9cdb1e 0000000000000000
0x00000012de0fed88:   00007ffd2ee5964c 00007ffd2f1db7f0
0x00000012de0fed98:   00007ffd7d370000 0000000000000000
0x00000012de0feda8:   00007ffd2eab4560 00000012de0ff340
0x00000012de0fedb8:   00000012de0ff510 0000000000000000
0x00000012de0fedc8:   0000000000000000 0000017b2f594b70
0x00000012de0fedd8:   00007ffd2e780000 00007ffd2f021d58
0x00000012de0fede8:   0000017b2f4be710 0000000000000014
0x00000012de0fedf8:   00007ffd0000000e 00000012de0fee20
0x00000012de0fee08:   0000001200000002 0000000000000000
0x00000012de0fee18:   0000017b2f594d00 4fffffff4fffffff
0x00000012de0fee28:   4fffffff4fffffff 00007ffd2f021d58
0x00000012de0fee38:   0000017b2f4c6ae8 0000000000000002
0x00000012de0fee48:   0000017b0000000c 00000012de0fee70
0x00000012de0fee58:   00007ffd00000000 0000000046000000
0x00000012de0fee68:   0000000000000100 4fffffff4fffffff 

Instructions: (pc=0x00007ffd2e9cda98)
0x00007ffd2e9cda78:   c2 48 ff c0 48 c1 e0 05 48 8b 04 08 0f b7 c8 41
0x00007ffd2e9cda88:   0f b7 44 c9 42 c3 48 63 c2 48 ff c0 48 c1 e0 05
0x00007ffd2e9cda98:   48 8b 04 08 0f b7 d0 48 63 c2 41 0f b7 44 c1 42
0x00007ffd2e9cdaa8:   c3 49 8b 41 08 48 63 ca 0f b6 44 01 04 3c 12 74 


Stack slot to memory mapping:
stack at sp + 0 slots: 0x00007ffd2e9cdb1e jvm.dll
stack at sp + 1 slots: 0x0 is NULL
stack at sp + 2 slots: 0x00007ffd2ee5964c jvm.dll
stack at sp + 3 slots: 0x00007ffd2f1db7f0 jvm.dll
stack at sp + 4 slots: 0x00007ffd7d370000 ucrtbase.dll
stack at sp + 5 slots: 0x0 is NULL
stack at sp + 6 slots: 0x00007ffd2eab4560 jvm.dll
stack at sp + 7 slots: 0x00000012de0ff340 points into unknown readable memory: 0x00007ffd2f021db8 | b8 1d 02 2f fd 7f 00 00

VM_Operation (0x00000012dedff360): GetOrSetLocal, mode: safepoint, requested by thread 0x0000017b30171000


---------------  P R O C E S S  ---------------

Threads class SMR info:
_java_thread_list=0x0000017b303206e0, length=13, elements={
0x0000017b6e86e000, 0x0000017b2f5dc800, 0x0000017b2f605800, 0x0000017b2f66e800,
0x0000017b2f671000, 0x0000017b2f672000, 0x0000017b2f67d800, 0x0000017b2f683000,
0x0000017b2f699000, 0x0000017b2f7f4800, 0x0000017b30171000, 0x0000017b30176000,
0x0000017b30176800
}

Java Threads: ( => current thread )
  0x0000017b6e86e000 JavaThread "main" [_thread_blocked, id=22500, stack(0x00000012dda00000,0x00000012ddb00000)]
  0x0000017b2f5dc800 JavaThread "Reference Handler" daemon [_thread_blocked, id=17744, stack(0x00000012de100000,0x00000012de200000)]
  0x0000017b2f605800 JavaThread "Finalizer" daemon [_thread_blocked, id=16308, stack(0x00000012de200000,0x00000012de300000)]
  0x0000017b2f66e800 JavaThread "Signal Dispatcher" daemon [_thread_blocked, id=21216, stack(0x00000012de300000,0x00000012de400000)]
  0x0000017b2f671000 JavaThread "Attach Listener" daemon [_thread_blocked, id=21064, stack(0x00000012de400000,0x00000012de500000)]
  0x0000017b2f672000 JavaThread "Service Thread" daemon [_thread_blocked, id=22768, stack(0x00000012de500000,0x00000012de600000)]
  0x0000017b2f67d800 JavaThread "C2 CompilerThread0" daemon [_thread_blocked, id=1908, stack(0x00000012de600000,0x00000012de700000)]
  0x0000017b2f683000 JavaThread "C1 CompilerThread0" daemon [_thread_blocked, id=7572, stack(0x00000012de700000,0x00000012de800000)]
  0x0000017b2f699000 JavaThread "Sweeper thread" daemon [_thread_blocked, id=8200, stack(0x00000012de800000,0x00000012de900000)]
  0x0000017b2f7f4800 JavaThread "Common-Cleaner" daemon [_thread_blocked, id=11136, stack(0x00000012de900000,0x00000012dea00000)]
  0x0000017b30171000 JavaThread "JDWP Transport Listener: dt_socket" daemon [_thread_blocked, id=22412, stack(0x00000012ded00000,0x00000012dee00000)] _threads_hazard_ptr=0x0000017b303206e0
  0x0000017b30176000 JavaThread "JDWP Event Helper Thread" daemon [_thread_blocked, id=16712, stack(0x00000012dee00000,0x00000012def00000)]
  0x0000017b30176800 JavaThread "JDWP Command Reader" daemon [_thread_in_native, id=4928, stack(0x00000012def00000,0x00000012df000000)]

Other Threads:
=>0x0000017b2f5db800 VMThread "VM Thread" [stack: 0x00000012de000000,0x00000012de100000] [id=5232]
  0x0000017b301d7800 WatcherThread [stack: 0x00000012df000000,0x00000012df100000] [id=13592]
  0x0000017b6e884000 GCTaskThread "GC Thread#0" [stack: 0x00000012ddb00000,0x00000012ddc00000] [id=17288]
  0x0000017b7cf28800 ConcurrentGCThread "G1 Main Marker" [stack: 0x00000012ddc00000,0x00000012ddd00000] [id=7968]
  0x0000017b6e93b800 ConcurrentGCThread "G1 Conc#0" [stack: 0x00000012ddd00000,0x00000012dde00000] [id=8732]
  0x0000017b7d11c800 ConcurrentGCThread "G1 Refine#0" [stack: 0x00000012dde00000,0x00000012ddf00000] [id=15132]
  0x0000017b7d11e000 ConcurrentGCThread "G1 Young RemSet Sampling" [stack: 0x00000012ddf00000,0x00000012de000000] [id=22336]

Threads with active compile tasks:

VM state:at safepoint (normal execution)

VM Mutex/Monitor currently owned by a thread:  ([mutex/lock_event])
[0x0000017b6e8698d0] Threads_lock - owner thread: 0x0000017b2f5db800

Heap address: 0x0000000402800000, size: 16344 MB, Compressed Oops mode: Zero based, Oop shift amount: 3
Narrow klass base: 0x0000000800000000, Narrow klass shift: 0
Compressed class space size: 1073741824 Address: 0x0000000800000000

Heap:
 garbage-first heap   total 1048576K, used 8192K [0x0000000402800000, 0x0000000800000000)
  region size 4096K, 3 young (12288K), 0 survivors (0K)
 Metaspace       used 10785K, capacity 11053K, committed 11392K, reserved 1058816K
  class space    used 970K, capacity 1029K, committed 1152K, reserved 1048576K
Heap Regions: E=young(eden), S=young(survivor), O=old, HS=humongous(starts), HC=humongous(continues), CS=collection set, F=free, A=archive, TAMS=top-at-mark-start (previous, next)
|   0|0x0000000402800000, 0x0000000402800000, 0x0000000402c00000|  0%| F|  |TAMS 0x0000000402800000, 0x0000000402800000| Untracked 
|   1|0x0000000402c00000, 0x0000000402c00000, 0x0000000403000000|  0%| F|  |TAMS 0x0000000402c00000, 0x0000000402c00000| Untracked 
|   2|0x0000000403000000, 0x0000000403000000, 0x0000000403400000|  0%| F|  |TAMS 0x0000000403000000, 0x0000000403000000| Untracked 
|   3|0x0000000403400000, 0x0000000403400000, 0x0000000403800000|  0%| F|  |TAMS 0x0000000403400000, 0x0000000403400000| Untracked 
|   4|0x0000000403800000, 0x0000000403800000, 0x0000000403c00000|  0%| F|  |TAMS 0x0000000403800000, 0x0000000403800000| Untracked 
|   5|0x0000000403c00000, 0x0000000403c00000, 0x0000000404000000|  0%| F|  |TAMS 0x0000000403c00000, 0x0000000403c00000| Untracked 
|   6|0x0000000404000000, 0x0000000404000000, 0x0000000404400000|  0%| F|  |TAMS 0x0000000404000000, 0x0000000404000000| Untracked 
|   7|0x0000000404400000, 0x0000000404400000, 0x0000000404800000|  0%| F|  |TAMS 0x0000000404400000, 0x0000000404400000| Untracked 
|   8|0x0000000404800000, 0x0000000404800000, 0x0000000404c00000|  0%| F|  |TAMS 0x0000000404800000, 0x0000000404800000| Untracked 
|   9|0x0000000404c00000, 0x0000000404c00000, 0x0000000405000000|  0%| F|  |TAMS 0x0000000404c00000, 0x0000000404c00000| Untracked 
|  10|0x0000000405000000, 0x0000000405000000, 0x0000000405400000|  0%| F|  |TAMS 0x0000000405000000, 0x0000000405000000| Untracked 
|  11|0x0000000405400000, 0x0000000405400000, 0x0000000405800000|  0%| F|  |TAMS 0x0000000405400000, 0x0000000405400000| Untracked 
|  12|0x0000000405800000, 0x0000000405800000, 0x0000000405c00000|  0%| F|  |TAMS 0x0000000405800000, 0x0000000405800000| Untracked 
|  13|0x0000000405c00000, 0x0000000405c00000, 0x0000000406000000|  0%| F|  |TAMS 0x0000000405c00000, 0x0000000405c00000| Untracked 
|  14|0x0000000406000000, 0x0000000406000000, 0x0000000406400000|  0%| F|  |TAMS 0x0000000406000000, 0x0000000406000000| Untracked 
|  15|0x0000000406400000, 0x0000000406400000, 0x0000000406800000|  0%| F|  |TAMS 0x0000000406400000, 0x0000000406400000| Untracked 
|  16|0x0000000406800000, 0x0000000406800000, 0x0000000406c00000|  0%| F|  |TAMS 0x0000000406800000, 0x0000000406800000| Untracked 
|  17|0x0000000406c00000, 0x0000000406c00000, 0x0000000407000000|  0%| F|  |TAMS 0x0000000406c00000, 0x0000000406c00000| Untracked 
|  18|0x0000000407000000, 0x0000000407000000, 0x0000000407400000|  0%| F|  |TAMS 0x0000000407000000, 0x0000000407000000| Untracked 
|  19|0x0000000407400000, 0x0000000407400000, 0x0000000407800000|  0%| F|  |TAMS 0x0000000407400000, 0x0000000407400000| Untracked 
|  20|0x0000000407800000, 0x0000000407800000, 0x0000000407c00000|  0%| F|  |TAMS 0x0000000407800000, 0x0000000407800000| Untracked 
|  21|0x0000000407c00000, 0x0000000407c00000, 0x0000000408000000|  0%| F|  |TAMS 0x0000000407c00000, 0x0000000407c00000| Untracked 
|  22|0x0000000408000000, 0x0000000408000000, 0x0000000408400000|  0%| F|  |TAMS 0x0000000408000000, 0x0000000408000000| Untracked 
|  23|0x0000000408400000, 0x0000000408400000, 0x0000000408800000|  0%| F|  |TAMS 0x0000000408400000, 0x0000000408400000| Untracked 
|  24|0x0000000408800000, 0x0000000408800000, 0x0000000408c00000|  0%| F|  |TAMS 0x0000000408800000, 0x0000000408800000| Untracked 
|  25|0x0000000408c00000, 0x0000000408c00000, 0x0000000409000000|  0%| F|  |TAMS 0x0000000408c00000, 0x0000000408c00000| Untracked 
|  26|0x0000000409000000, 0x0000000409000000, 0x0000000409400000|  0%| F|  |TAMS 0x0000000409000000, 0x0000000409000000| Untracked 
|  27|0x0000000409400000, 0x0000000409400000, 0x0000000409800000|  0%| F|  |TAMS 0x0000000409400000, 0x0000000409400000| Untracked 
|  28|0x0000000409800000, 0x0000000409800000, 0x0000000409c00000|  0%| F|  |TAMS 0x0000000409800000, 0x0000000409800000| Untracked 
|  29|0x0000000409c00000, 0x0000000409c00000, 0x000000040a000000|  0%| F|  |TAMS 0x0000000409c00000, 0x0000000409c00000| Untracked 
|  30|0x000000040a000000, 0x000000040a000000, 0x000000040a400000|  0%| F|  |TAMS 0x000000040a000000, 0x000000040a000000| Untracked 
|  31|0x000000040a400000, 0x000000040a400000, 0x000000040a800000|  0%| F|  |TAMS 0x000000040a400000, 0x000000040a400000| Untracked 
|  32|0x000000040a800000, 0x000000040a800000, 0x000000040ac00000|  0%| F|  |TAMS 0x000000040a800000, 0x000000040a800000| Untracked 
|  33|0x000000040ac00000, 0x000000040ac00000, 0x000000040b000000|  0%| F|  |TAMS 0x000000040ac00000, 0x000000040ac00000| Untracked 
|  34|0x000000040b000000, 0x000000040b000000, 0x000000040b400000|  0%| F|  |TAMS 0x000000040b000000, 0x000000040b000000| Untracked 
|  35|0x000000040b400000, 0x000000040b400000, 0x000000040b800000|  0%| F|  |TAMS 0x000000040b400000, 0x000000040b400000| Untracked 
|  36|0x000000040b800000, 0x000000040b800000, 0x000000040bc00000|  0%| F|  |TAMS 0x000000040b800000, 0x000000040b800000| Untracked 
|  37|0x000000040bc00000, 0x000000040bc00000, 0x000000040c000000|  0%| F|  |TAMS 0x000000040bc00000, 0x000000040bc00000| Untracked 
|  38|0x000000040c000000, 0x000000040c000000, 0x000000040c400000|  0%| F|  |TAMS 0x000000040c000000, 0x000000040c000000| Untracked 
|  39|0x000000040c400000, 0x000000040c400000, 0x000000040c800000|  0%| F|  |TAMS 0x000000040c400000, 0x000000040c400000| Untracked 
|  40|0x000000040c800000, 0x000000040c800000, 0x000000040cc00000|  0%| F|  |TAMS 0x000000040c800000, 0x000000040c800000| Untracked 
|  41|0x000000040cc00000, 0x000000040cc00000, 0x000000040d000000|  0%| F|  |TAMS 0x000000040cc00000, 0x000000040cc00000| Untracked 
|  42|0x000000040d000000, 0x000000040d000000, 0x000000040d400000|  0%| F|  |TAMS 0x000000040d000000, 0x000000040d000000| Untracked 
|  43|0x000000040d400000, 0x000000040d400000, 0x000000040d800000|  0%| F|  |TAMS 0x000000040d400000, 0x000000040d400000| Untracked 
|  44|0x000000040d800000, 0x000000040d800000, 0x000000040dc00000|  0%| F|  |TAMS 0x000000040d800000, 0x000000040d800000| Untracked 
|  45|0x000000040dc00000, 0x000000040dc00000, 0x000000040e000000|  0%| F|  |TAMS 0x000000040dc00000, 0x000000040dc00000| Untracked 
|  46|0x000000040e000000, 0x000000040e000000, 0x000000040e400000|  0%| F|  |TAMS 0x000000040e000000, 0x000000040e000000| Untracked 
|  47|0x000000040e400000, 0x000000040e400000, 0x000000040e800000|  0%| F|  |TAMS 0x000000040e400000, 0x000000040e400000| Untracked 
|  48|0x000000040e800000, 0x000000040e800000, 0x000000040ec00000|  0%| F|  |TAMS 0x000000040e800000, 0x000000040e800000| Untracked 
|  49|0x000000040ec00000, 0x000000040ec00000, 0x000000040f000000|  0%| F|  |TAMS 0x000000040ec00000, 0x000000040ec00000| Untracked 
|  50|0x000000040f000000, 0x000000040f000000, 0x000000040f400000|  0%| F|  |TAMS 0x000000040f000000, 0x000000040f000000| Untracked 
|  51|0x000000040f400000, 0x000000040f400000, 0x000000040f800000|  0%| F|  |TAMS 0x000000040f400000, 0x000000040f400000| Untracked 
|  52|0x000000040f800000, 0x000000040f800000, 0x000000040fc00000|  0%| F|  |TAMS 0x000000040f800000, 0x000000040f800000| Untracked 
|  53|0x000000040fc00000, 0x000000040fc00000, 0x0000000410000000|  0%| F|  |TAMS 0x000000040fc00000, 0x000000040fc00000| Untracked 
|  54|0x0000000410000000, 0x0000000410000000, 0x0000000410400000|  0%| F|  |TAMS 0x0000000410000000, 0x0000000410000000| Untracked 
|  55|0x0000000410400000, 0x0000000410400000, 0x0000000410800000|  0%| F|  |TAMS 0x0000000410400000, 0x0000000410400000| Untracked 
|  56|0x0000000410800000, 0x0000000410800000, 0x0000000410c00000|  0%| F|  |TAMS 0x0000000410800000, 0x0000000410800000| Untracked 
|  57|0x0000000410c00000, 0x0000000410c00000, 0x0000000411000000|  0%| F|  |TAMS 0x0000000410c00000, 0x0000000410c00000| Untracked 
|  58|0x0000000411000000, 0x0000000411000000, 0x0000000411400000|  0%| F|  |TAMS 0x0000000411000000, 0x0000000411000000| Untracked 
|  59|0x0000000411400000, 0x0000000411400000, 0x0000000411800000|  0%| F|  |TAMS 0x0000000411400000, 0x0000000411400000| Untracked 
|  60|0x0000000411800000, 0x0000000411800000, 0x0000000411c00000|  0%| F|  |TAMS 0x0000000411800000, 0x0000000411800000| Untracked 
|  61|0x0000000411c00000, 0x0000000411c00000, 0x0000000412000000|  0%| F|  |TAMS 0x0000000411c00000, 0x0000000411c00000| Untracked 
|  62|0x0000000412000000, 0x0000000412000000, 0x0000000412400000|  0%| F|  |TAMS 0x0000000412000000, 0x0000000412000000| Untracked 
|  63|0x0000000412400000, 0x0000000412400000, 0x0000000412800000|  0%| F|  |TAMS 0x0000000412400000, 0x0000000412400000| Untracked 
|  64|0x0000000412800000, 0x0000000412800000, 0x0000000412c00000|  0%| F|  |TAMS 0x0000000412800000, 0x0000000412800000| Untracked 
|  65|0x0000000412c00000, 0x0000000412c00000, 0x0000000413000000|  0%| F|  |TAMS 0x0000000412c00000, 0x0000000412c00000| Untracked 
|  66|0x0000000413000000, 0x0000000413000000, 0x0000000413400000|  0%| F|  |TAMS 0x0000000413000000, 0x0000000413000000| Untracked 
|  67|0x0000000413400000, 0x0000000413400000, 0x0000000413800000|  0%| F|  |TAMS 0x0000000413400000, 0x0000000413400000| Untracked 
|  68|0x0000000413800000, 0x0000000413800000, 0x0000000413c00000|  0%| F|  |TAMS 0x0000000413800000, 0x0000000413800000| Untracked 
|  69|0x0000000413c00000, 0x0000000413c00000, 0x0000000414000000|  0%| F|  |TAMS 0x0000000413c00000, 0x0000000413c00000| Untracked 
|  70|0x0000000414000000, 0x0000000414000000, 0x0000000414400000|  0%| F|  |TAMS 0x0000000414000000, 0x0000000414000000| Untracked 
|  71|0x0000000414400000, 0x0000000414400000, 0x0000000414800000|  0%| F|  |TAMS 0x0000000414400000, 0x0000000414400000| Untracked 
|  72|0x0000000414800000, 0x0000000414800000, 0x0000000414c00000|  0%| F|  |TAMS 0x0000000414800000, 0x0000000414800000| Untracked 
|  73|0x0000000414c00000, 0x0000000414c00000, 0x0000000415000000|  0%| F|  |TAMS 0x0000000414c00000, 0x0000000414c00000| Untracked 
|  74|0x0000000415000000, 0x0000000415000000, 0x0000000415400000|  0%| F|  |TAMS 0x0000000415000000, 0x0000000415000000| Untracked 
|  75|0x0000000415400000, 0x0000000415400000, 0x0000000415800000|  0%| F|  |TAMS 0x0000000415400000, 0x0000000415400000| Untracked 
|  76|0x0000000415800000, 0x0000000415800000, 0x0000000415c00000|  0%| F|  |TAMS 0x0000000415800000, 0x0000000415800000| Untracked 
|  77|0x0000000415c00000, 0x0000000415c00000, 0x0000000416000000|  0%| F|  |TAMS 0x0000000415c00000, 0x0000000415c00000| Untracked 
|  78|0x0000000416000000, 0x0000000416000000, 0x0000000416400000|  0%| F|  |TAMS 0x0000000416000000, 0x0000000416000000| Untracked 
|  79|0x0000000416400000, 0x0000000416400000, 0x0000000416800000|  0%| F|  |TAMS 0x0000000416400000, 0x0000000416400000| Untracked 
|  80|0x0000000416800000, 0x0000000416800000, 0x0000000416c00000|  0%| F|  |TAMS 0x0000000416800000, 0x0000000416800000| Untracked 
|  81|0x0000000416c00000, 0x0000000416c00000, 0x0000000417000000|  0%| F|  |TAMS 0x0000000416c00000, 0x0000000416c00000| Untracked 
|  82|0x0000000417000000, 0x0000000417000000, 0x0000000417400000|  0%| F|  |TAMS 0x0000000417000000, 0x0000000417000000| Untracked 
|  83|0x0000000417400000, 0x0000000417400000, 0x0000000417800000|  0%| F|  |TAMS 0x0000000417400000, 0x0000000417400000| Untracked 
|  84|0x0000000417800000, 0x0000000417800000, 0x0000000417c00000|  0%| F|  |TAMS 0x0000000417800000, 0x0000000417800000| Untracked 
|  85|0x0000000417c00000, 0x0000000417c00000, 0x0000000418000000|  0%| F|  |TAMS 0x0000000417c00000, 0x0000000417c00000| Untracked 
|  86|0x0000000418000000, 0x0000000418000000, 0x0000000418400000|  0%| F|  |TAMS 0x0000000418000000, 0x0000000418000000| Untracked 
|  87|0x0000000418400000, 0x0000000418400000, 0x0000000418800000|  0%| F|  |TAMS 0x0000000418400000, 0x0000000418400000| Untracked 
|  88|0x0000000418800000, 0x0000000418800000, 0x0000000418c00000|  0%| F|  |TAMS 0x0000000418800000, 0x0000000418800000| Untracked 
|  89|0x0000000418c00000, 0x0000000418c00000, 0x0000000419000000|  0%| F|  |TAMS 0x0000000418c00000, 0x0000000418c00000| Untracked 
|  90|0x0000000419000000, 0x0000000419000000, 0x0000000419400000|  0%| F|  |TAMS 0x0000000419000000, 0x0000000419000000| Untracked 
|  91|0x0000000419400000, 0x0000000419400000, 0x0000000419800000|  0%| F|  |TAMS 0x0000000419400000, 0x0000000419400000| Untracked 
|  92|0x0000000419800000, 0x0000000419800000, 0x0000000419c00000|  0%| F|  |TAMS 0x0000000419800000, 0x0000000419800000| Untracked 
|  93|0x0000000419c00000, 0x0000000419c00000, 0x000000041a000000|  0%| F|  |TAMS 0x0000000419c00000, 0x0000000419c00000| Untracked 
|  94|0x000000041a000000, 0x000000041a000000, 0x000000041a400000|  0%| F|  |TAMS 0x000000041a000000, 0x000000041a000000| Untracked 
|  95|0x000000041a400000, 0x000000041a400000, 0x000000041a800000|  0%| F|  |TAMS 0x000000041a400000, 0x000000041a400000| Untracked 
|  96|0x000000041a800000, 0x000000041a800000, 0x000000041ac00000|  0%| F|  |TAMS 0x000000041a800000, 0x000000041a800000| Untracked 
|  97|0x000000041ac00000, 0x000000041ac00000, 0x000000041b000000|  0%| F|  |TAMS 0x000000041ac00000, 0x000000041ac00000| Untracked 
|  98|0x000000041b000000, 0x000000041b000000, 0x000000041b400000|  0%| F|  |TAMS 0x000000041b000000, 0x000000041b000000| Untracked 
|  99|0x000000041b400000, 0x000000041b400000, 0x000000041b800000|  0%| F|  |TAMS 0x000000041b400000, 0x000000041b400000| Untracked 
| 100|0x000000041b800000, 0x000000041b800000, 0x000000041bc00000|  0%| F|  |TAMS 0x000000041b800000, 0x000000041b800000| Untracked 
| 101|0x000000041bc00000, 0x000000041bc00000, 0x000000041c000000|  0%| F|  |TAMS 0x000000041bc00000, 0x000000041bc00000| Untracked 
| 102|0x000000041c000000, 0x000000041c000000, 0x000000041c400000|  0%| F|  |TAMS 0x000000041c000000, 0x000000041c000000| Untracked 
| 103|0x000000041c400000, 0x000000041c400000, 0x000000041c800000|  0%| F|  |TAMS 0x000000041c400000, 0x000000041c400000| Untracked 
| 104|0x000000041c800000, 0x000000041c800000, 0x000000041cc00000|  0%| F|  |TAMS 0x000000041c800000, 0x000000041c800000| Untracked 
| 105|0x000000041cc00000, 0x000000041cc00000, 0x000000041d000000|  0%| F|  |TAMS 0x000000041cc00000, 0x000000041cc00000| Untracked 
| 106|0x000000041d000000, 0x000000041d000000, 0x000000041d400000|  0%| F|  |TAMS 0x000000041d000000, 0x000000041d000000| Untracked 
| 107|0x000000041d400000, 0x000000041d400000, 0x000000041d800000|  0%| F|  |TAMS 0x000000041d400000, 0x000000041d400000| Untracked 
| 108|0x000000041d800000, 0x000000041d800000, 0x000000041dc00000|  0%| F|  |TAMS 0x000000041d800000, 0x000000041d800000| Untracked 
| 109|0x000000041dc00000, 0x000000041dc00000, 0x000000041e000000|  0%| F|  |TAMS 0x000000041dc00000, 0x000000041dc00000| Untracked 
| 110|0x000000041e000000, 0x000000041e000000, 0x000000041e400000|  0%| F|  |TAMS 0x000000041e000000, 0x000000041e000000| Untracked 
| 111|0x000000041e400000, 0x000000041e400000, 0x000000041e800000|  0%| F|  |TAMS 0x000000041e400000, 0x000000041e400000| Untracked 
| 112|0x000000041e800000, 0x000000041e800000, 0x000000041ec00000|  0%| F|  |TAMS 0x000000041e800000, 0x000000041e800000| Untracked 
| 113|0x000000041ec00000, 0x000000041ec00000, 0x000000041f000000|  0%| F|  |TAMS 0x000000041ec00000, 0x000000041ec00000| Untracked 
| 114|0x000000041f000000, 0x000000041f000000, 0x000000041f400000|  0%| F|  |TAMS 0x000000041f000000, 0x000000041f000000| Untracked 
| 115|0x000000041f400000, 0x000000041f400000, 0x000000041f800000|  0%| F|  |TAMS 0x000000041f400000, 0x000000041f400000| Untracked 
| 116|0x000000041f800000, 0x000000041f800000, 0x000000041fc00000|  0%| F|  |TAMS 0x000000041f800000, 0x000000041f800000| Untracked 
| 117|0x000000041fc00000, 0x000000041fc00000, 0x0000000420000000|  0%| F|  |TAMS 0x000000041fc00000, 0x000000041fc00000| Untracked 
| 118|0x0000000420000000, 0x0000000420000000, 0x0000000420400000|  0%| F|  |TAMS 0x0000000420000000, 0x0000000420000000| Untracked 
| 119|0x0000000420400000, 0x0000000420400000, 0x0000000420800000|  0%| F|  |TAMS 0x0000000420400000, 0x0000000420400000| Untracked 
| 120|0x0000000420800000, 0x0000000420800000, 0x0000000420c00000|  0%| F|  |TAMS 0x0000000420800000, 0x0000000420800000| Untracked 
| 121|0x0000000420c00000, 0x0000000420c00000, 0x0000000421000000|  0%| F|  |TAMS 0x0000000420c00000, 0x0000000420c00000| Untracked 
| 122|0x0000000421000000, 0x0000000421000000, 0x0000000421400000|  0%| F|  |TAMS 0x0000000421000000, 0x0000000421000000| Untracked 
| 123|0x0000000421400000, 0x0000000421400000, 0x0000000421800000|  0%| F|  |TAMS 0x0000000421400000, 0x0000000421400000| Untracked 
| 124|0x0000000421800000, 0x0000000421800000, 0x0000000421c00000|  0%| F|  |TAMS 0x0000000421800000, 0x0000000421800000| Untracked 
| 125|0x0000000421c00000, 0x0000000421c00000, 0x0000000422000000|  0%| F|  |TAMS 0x0000000421c00000, 0x0000000421c00000| Untracked 
| 126|0x0000000422000000, 0x0000000422000000, 0x0000000422400000|  0%| F|  |TAMS 0x0000000422000000, 0x0000000422000000| Untracked 
| 127|0x0000000422400000, 0x0000000422400000, 0x0000000422800000|  0%| F|  |TAMS 0x0000000422400000, 0x0000000422400000| Untracked 
| 128|0x0000000422800000, 0x0000000422800000, 0x0000000422c00000|  0%| F|  |TAMS 0x0000000422800000, 0x0000000422800000| Untracked 
| 129|0x0000000422c00000, 0x0000000422c00000, 0x0000000423000000|  0%| F|  |TAMS 0x0000000422c00000, 0x0000000422c00000| Untracked 
| 130|0x0000000423000000, 0x0000000423000000, 0x0000000423400000|  0%| F|  |TAMS 0x0000000423000000, 0x0000000423000000| Untracked 
| 131|0x0000000423400000, 0x0000000423400000, 0x0000000423800000|  0%| F|  |TAMS 0x0000000423400000, 0x0000000423400000| Untracked 
| 132|0x0000000423800000, 0x0000000423800000, 0x0000000423c00000|  0%| F|  |TAMS 0x0000000423800000, 0x0000000423800000| Untracked 
| 133|0x0000000423c00000, 0x0000000423c00000, 0x0000000424000000|  0%| F|  |TAMS 0x0000000423c00000, 0x0000000423c00000| Untracked 
| 134|0x0000000424000000, 0x0000000424000000, 0x0000000424400000|  0%| F|  |TAMS 0x0000000424000000, 0x0000000424000000| Untracked 
| 135|0x0000000424400000, 0x0000000424400000, 0x0000000424800000|  0%| F|  |TAMS 0x0000000424400000, 0x0000000424400000| Untracked 
| 136|0x0000000424800000, 0x0000000424800000, 0x0000000424c00000|  0%| F|  |TAMS 0x0000000424800000, 0x0000000424800000| Untracked 
| 137|0x0000000424c00000, 0x0000000424c00000, 0x0000000425000000|  0%| F|  |TAMS 0x0000000424c00000, 0x0000000424c00000| Untracked 
| 138|0x0000000425000000, 0x0000000425000000, 0x0000000425400000|  0%| F|  |TAMS 0x0000000425000000, 0x0000000425000000| Untracked 
| 139|0x0000000425400000, 0x0000000425400000, 0x0000000425800000|  0%| F|  |TAMS 0x0000000425400000, 0x0000000425400000| Untracked 
| 140|0x0000000425800000, 0x0000000425800000, 0x0000000425c00000|  0%| F|  |TAMS 0x0000000425800000, 0x0000000425800000| Untracked 
| 141|0x0000000425c00000, 0x0000000425c00000, 0x0000000426000000|  0%| F|  |TAMS 0x0000000425c00000, 0x0000000425c00000| Untracked 
| 142|0x0000000426000000, 0x0000000426000000, 0x0000000426400000|  0%| F|  |TAMS 0x0000000426000000, 0x0000000426000000| Untracked 
| 143|0x0000000426400000, 0x0000000426400000, 0x0000000426800000|  0%| F|  |TAMS 0x0000000426400000, 0x0000000426400000| Untracked 
| 144|0x0000000426800000, 0x0000000426800000, 0x0000000426c00000|  0%| F|  |TAMS 0x0000000426800000, 0x0000000426800000| Untracked 
| 145|0x0000000426c00000, 0x0000000426c00000, 0x0000000427000000|  0%| F|  |TAMS 0x0000000426c00000, 0x0000000426c00000| Untracked 
| 146|0x0000000427000000, 0x0000000427000000, 0x0000000427400000|  0%| F|  |TAMS 0x0000000427000000, 0x0000000427000000| Untracked 
| 147|0x0000000427400000, 0x0000000427400000, 0x0000000427800000|  0%| F|  |TAMS 0x0000000427400000, 0x0000000427400000| Untracked 
| 148|0x0000000427800000, 0x0000000427800000, 0x0000000427c00000|  0%| F|  |TAMS 0x0000000427800000, 0x0000000427800000| Untracked 
| 149|0x0000000427c00000, 0x0000000427c00000, 0x0000000428000000|  0%| F|  |TAMS 0x0000000427c00000, 0x0000000427c00000| Untracked 
| 150|0x0000000428000000, 0x0000000428000000, 0x0000000428400000|  0%| F|  |TAMS 0x0000000428000000, 0x0000000428000000| Untracked 
| 151|0x0000000428400000, 0x0000000428400000, 0x0000000428800000|  0%| F|  |TAMS 0x0000000428400000, 0x0000000428400000| Untracked 
| 152|0x0000000428800000, 0x0000000428800000, 0x0000000428c00000|  0%| F|  |TAMS 0x0000000428800000, 0x0000000428800000| Untracked 
| 153|0x0000000428c00000, 0x0000000428c00000, 0x0000000429000000|  0%| F|  |TAMS 0x0000000428c00000, 0x0000000428c00000| Untracked 
| 154|0x0000000429000000, 0x0000000429000000, 0x0000000429400000|  0%| F|  |TAMS 0x0000000429000000, 0x0000000429000000| Untracked 
| 155|0x0000000429400000, 0x0000000429400000, 0x0000000429800000|  0%| F|  |TAMS 0x0000000429400000, 0x0000000429400000| Untracked 
| 156|0x0000000429800000, 0x0000000429800000, 0x0000000429c00000|  0%| F|  |TAMS 0x0000000429800000, 0x0000000429800000| Untracked 
| 157|0x0000000429c00000, 0x0000000429c00000, 0x000000042a000000|  0%| F|  |TAMS 0x0000000429c00000, 0x0000000429c00000| Untracked 
| 158|0x000000042a000000, 0x000000042a000000, 0x000000042a400000|  0%| F|  |TAMS 0x000000042a000000, 0x000000042a000000| Untracked 
| 159|0x000000042a400000, 0x000000042a400000, 0x000000042a800000|  0%| F|  |TAMS 0x000000042a400000, 0x000000042a400000| Untracked 
| 160|0x000000042a800000, 0x000000042a800000, 0x000000042ac00000|  0%| F|  |TAMS 0x000000042a800000, 0x000000042a800000| Untracked 
| 161|0x000000042ac00000, 0x000000042ac00000, 0x000000042b000000|  0%| F|  |TAMS 0x000000042ac00000, 0x000000042ac00000| Untracked 
| 162|0x000000042b000000, 0x000000042b000000, 0x000000042b400000|  0%| F|  |TAMS 0x000000042b000000, 0x000000042b000000| Untracked 
| 163|0x000000042b400000, 0x000000042b400000, 0x000000042b800000|  0%| F|  |TAMS 0x000000042b400000, 0x000000042b400000| Untracked 
| 164|0x000000042b800000, 0x000000042b800000, 0x000000042bc00000|  0%| F|  |TAMS 0x000000042b800000, 0x000000042b800000| Untracked 
| 165|0x000000042bc00000, 0x000000042bc00000, 0x000000042c000000|  0%| F|  |TAMS 0x000000042bc00000, 0x000000042bc00000| Untracked 
| 166|0x000000042c000000, 0x000000042c000000, 0x000000042c400000|  0%| F|  |TAMS 0x000000042c000000, 0x000000042c000000| Untracked 
| 167|0x000000042c400000, 0x000000042c400000, 0x000000042c800000|  0%| F|  |TAMS 0x000000042c400000, 0x000000042c400000| Untracked 
| 168|0x000000042c800000, 0x000000042c800000, 0x000000042cc00000|  0%| F|  |TAMS 0x000000042c800000, 0x000000042c800000| Untracked 
| 169|0x000000042cc00000, 0x000000042cc00000, 0x000000042d000000|  0%| F|  |TAMS 0x000000042cc00000, 0x000000042cc00000| Untracked 
| 170|0x000000042d000000, 0x000000042d000000, 0x000000042d400000|  0%| F|  |TAMS 0x000000042d000000, 0x000000042d000000| Untracked 
| 171|0x000000042d400000, 0x000000042d400000, 0x000000042d800000|  0%| F|  |TAMS 0x000000042d400000, 0x000000042d400000| Untracked 
| 172|0x000000042d800000, 0x000000042d800000, 0x000000042dc00000|  0%| F|  |TAMS 0x000000042d800000, 0x000000042d800000| Untracked 
| 173|0x000000042dc00000, 0x000000042dc00000, 0x000000042e000000|  0%| F|  |TAMS 0x000000042dc00000, 0x000000042dc00000| Untracked 
| 174|0x000000042e000000, 0x000000042e000000, 0x000000042e400000|  0%| F|  |TAMS 0x000000042e000000, 0x000000042e000000| Untracked 
| 175|0x000000042e400000, 0x000000042e400000, 0x000000042e800000|  0%| F|  |TAMS 0x000000042e400000, 0x000000042e400000| Untracked 
| 176|0x000000042e800000, 0x000000042e800000, 0x000000042ec00000|  0%| F|  |TAMS 0x000000042e800000, 0x000000042e800000| Untracked 
| 177|0x000000042ec00000, 0x000000042ec00000, 0x000000042f000000|  0%| F|  |TAMS 0x000000042ec00000, 0x000000042ec00000| Untracked 
| 178|0x000000042f000000, 0x000000042f000000, 0x000000042f400000|  0%| F|  |TAMS 0x000000042f000000, 0x000000042f000000| Untracked 
| 179|0x000000042f400000, 0x000000042f400000, 0x000000042f800000|  0%| F|  |TAMS 0x000000042f400000, 0x000000042f400000| Untracked 
| 180|0x000000042f800000, 0x000000042f800000, 0x000000042fc00000|  0%| F|  |TAMS 0x000000042f800000, 0x000000042f800000| Untracked 
| 181|0x000000042fc00000, 0x000000042fc00000, 0x0000000430000000|  0%| F|  |TAMS 0x000000042fc00000, 0x000000042fc00000| Untracked 
| 182|0x0000000430000000, 0x0000000430000000, 0x0000000430400000|  0%| F|  |TAMS 0x0000000430000000, 0x0000000430000000| Untracked 
| 183|0x0000000430400000, 0x0000000430400000, 0x0000000430800000|  0%| F|  |TAMS 0x0000000430400000, 0x0000000430400000| Untracked 
| 184|0x0000000430800000, 0x0000000430800000, 0x0000000430c00000|  0%| F|  |TAMS 0x0000000430800000, 0x0000000430800000| Untracked 
| 185|0x0000000430c00000, 0x0000000430c00000, 0x0000000431000000|  0%| F|  |TAMS 0x0000000430c00000, 0x0000000430c00000| Untracked 
| 186|0x0000000431000000, 0x0000000431000000, 0x0000000431400000|  0%| F|  |TAMS 0x0000000431000000, 0x0000000431000000| Untracked 
| 187|0x0000000431400000, 0x0000000431400000, 0x0000000431800000|  0%| F|  |TAMS 0x0000000431400000, 0x0000000431400000| Untracked 
| 188|0x0000000431800000, 0x0000000431800000, 0x0000000431c00000|  0%| F|  |TAMS 0x0000000431800000, 0x0000000431800000| Untracked 
| 189|0x0000000431c00000, 0x0000000431c00000, 0x0000000432000000|  0%| F|  |TAMS 0x0000000431c00000, 0x0000000431c00000| Untracked 
| 190|0x0000000432000000, 0x0000000432000000, 0x0000000432400000|  0%| F|  |TAMS 0x0000000432000000, 0x0000000432000000| Untracked 
| 191|0x0000000432400000, 0x0000000432400000, 0x0000000432800000|  0%| F|  |TAMS 0x0000000432400000, 0x0000000432400000| Untracked 
| 192|0x0000000432800000, 0x0000000432800000, 0x0000000432c00000|  0%| F|  |TAMS 0x0000000432800000, 0x0000000432800000| Untracked 
| 193|0x0000000432c00000, 0x0000000432c00000, 0x0000000433000000|  0%| F|  |TAMS 0x0000000432c00000, 0x0000000432c00000| Untracked 
| 194|0x0000000433000000, 0x0000000433000000, 0x0000000433400000|  0%| F|  |TAMS 0x0000000433000000, 0x0000000433000000| Untracked 
| 195|0x0000000433400000, 0x0000000433400000, 0x0000000433800000|  0%| F|  |TAMS 0x0000000433400000, 0x0000000433400000| Untracked 
| 196|0x0000000433800000, 0x0000000433800000, 0x0000000433c00000|  0%| F|  |TAMS 0x0000000433800000, 0x0000000433800000| Untracked 
| 197|0x0000000433c00000, 0x0000000433c00000, 0x0000000434000000|  0%| F|  |TAMS 0x0000000433c00000, 0x0000000433c00000| Untracked 
| 198|0x0000000434000000, 0x0000000434000000, 0x0000000434400000|  0%| F|  |TAMS 0x0000000434000000, 0x0000000434000000| Untracked 
| 199|0x0000000434400000, 0x0000000434400000, 0x0000000434800000|  0%| F|  |TAMS 0x0000000434400000, 0x0000000434400000| Untracked 
| 200|0x0000000434800000, 0x0000000434800000, 0x0000000434c00000|  0%| F|  |TAMS 0x0000000434800000, 0x0000000434800000| Untracked 
| 201|0x0000000434c00000, 0x0000000434c00000, 0x0000000435000000|  0%| F|  |TAMS 0x0000000434c00000, 0x0000000434c00000| Untracked 
| 202|0x0000000435000000, 0x0000000435000000, 0x0000000435400000|  0%| F|  |TAMS 0x0000000435000000, 0x0000000435000000| Untracked 
| 203|0x0000000435400000, 0x0000000435400000, 0x0000000435800000|  0%| F|  |TAMS 0x0000000435400000, 0x0000000435400000| Untracked 
| 204|0x0000000435800000, 0x0000000435800000, 0x0000000435c00000|  0%| F|  |TAMS 0x0000000435800000, 0x0000000435800000| Untracked 
| 205|0x0000000435c00000, 0x0000000435c00000, 0x0000000436000000|  0%| F|  |TAMS 0x0000000435c00000, 0x0000000435c00000| Untracked 
| 206|0x0000000436000000, 0x0000000436000000, 0x0000000436400000|  0%| F|  |TAMS 0x0000000436000000, 0x0000000436000000| Untracked 
| 207|0x0000000436400000, 0x0000000436400000, 0x0000000436800000|  0%| F|  |TAMS 0x0000000436400000, 0x0000000436400000| Untracked 
| 208|0x0000000436800000, 0x0000000436800000, 0x0000000436c00000|  0%| F|  |TAMS 0x0000000436800000, 0x0000000436800000| Untracked 
| 209|0x0000000436c00000, 0x0000000436c00000, 0x0000000437000000|  0%| F|  |TAMS 0x0000000436c00000, 0x0000000436c00000| Untracked 
| 210|0x0000000437000000, 0x0000000437000000, 0x0000000437400000|  0%| F|  |TAMS 0x0000000437000000, 0x0000000437000000| Untracked 
| 211|0x0000000437400000, 0x0000000437400000, 0x0000000437800000|  0%| F|  |TAMS 0x0000000437400000, 0x0000000437400000| Untracked 
| 212|0x0000000437800000, 0x0000000437800000, 0x0000000437c00000|  0%| F|  |TAMS 0x0000000437800000, 0x0000000437800000| Untracked 
| 213|0x0000000437c00000, 0x0000000437c00000, 0x0000000438000000|  0%| F|  |TAMS 0x0000000437c00000, 0x0000000437c00000| Untracked 
| 214|0x0000000438000000, 0x0000000438000000, 0x0000000438400000|  0%| F|  |TAMS 0x0000000438000000, 0x0000000438000000| Untracked 
| 215|0x0000000438400000, 0x0000000438400000, 0x0000000438800000|  0%| F|  |TAMS 0x0000000438400000, 0x0000000438400000| Untracked 
| 216|0x0000000438800000, 0x0000000438800000, 0x0000000438c00000|  0%| F|  |TAMS 0x0000000438800000, 0x0000000438800000| Untracked 
| 217|0x0000000438c00000, 0x0000000438c00000, 0x0000000439000000|  0%| F|  |TAMS 0x0000000438c00000, 0x0000000438c00000| Untracked 
| 218|0x0000000439000000, 0x0000000439000000, 0x0000000439400000|  0%| F|  |TAMS 0x0000000439000000, 0x0000000439000000| Untracked 
| 219|0x0000000439400000, 0x0000000439400000, 0x0000000439800000|  0%| F|  |TAMS 0x0000000439400000, 0x0000000439400000| Untracked 
| 220|0x0000000439800000, 0x0000000439800000, 0x0000000439c00000|  0%| F|  |TAMS 0x0000000439800000, 0x0000000439800000| Untracked 
| 221|0x0000000439c00000, 0x0000000439c00000, 0x000000043a000000|  0%| F|  |TAMS 0x0000000439c00000, 0x0000000439c00000| Untracked 
| 222|0x000000043a000000, 0x000000043a000000, 0x000000043a400000|  0%| F|  |TAMS 0x000000043a000000, 0x000000043a000000| Untracked 
| 223|0x000000043a400000, 0x000000043a400000, 0x000000043a800000|  0%| F|  |TAMS 0x000000043a400000, 0x000000043a400000| Untracked 
| 224|0x000000043a800000, 0x000000043a800000, 0x000000043ac00000|  0%| F|  |TAMS 0x000000043a800000, 0x000000043a800000| Untracked 
| 225|0x000000043ac00000, 0x000000043ac00000, 0x000000043b000000|  0%| F|  |TAMS 0x000000043ac00000, 0x000000043ac00000| Untracked 
| 226|0x000000043b000000, 0x000000043b000000, 0x000000043b400000|  0%| F|  |TAMS 0x000000043b000000, 0x000000043b000000| Untracked 
| 227|0x000000043b400000, 0x000000043b400000, 0x000000043b800000|  0%| F|  |TAMS 0x000000043b400000, 0x000000043b400000| Untracked 
| 228|0x000000043b800000, 0x000000043b800000, 0x000000043bc00000|  0%| F|  |TAMS 0x000000043b800000, 0x000000043b800000| Untracked 
| 229|0x000000043bc00000, 0x000000043bc00000, 0x000000043c000000|  0%| F|  |TAMS 0x000000043bc00000, 0x000000043bc00000| Untracked 
| 230|0x000000043c000000, 0x000000043c000000, 0x000000043c400000|  0%| F|  |TAMS 0x000000043c000000, 0x000000043c000000| Untracked 
| 231|0x000000043c400000, 0x000000043c400000, 0x000000043c800000|  0%| F|  |TAMS 0x000000043c400000, 0x000000043c400000| Untracked 
| 232|0x000000043c800000, 0x000000043c800000, 0x000000043cc00000|  0%| F|  |TAMS 0x000000043c800000, 0x000000043c800000| Untracked 
| 233|0x000000043cc00000, 0x000000043cc00000, 0x000000043d000000|  0%| F|  |TAMS 0x000000043cc00000, 0x000000043cc00000| Untracked 
| 234|0x000000043d000000, 0x000000043d000000, 0x000000043d400000|  0%| F|  |TAMS 0x000000043d000000, 0x000000043d000000| Untracked 
| 235|0x000000043d400000, 0x000000043d400000, 0x000000043d800000|  0%| F|  |TAMS 0x000000043d400000, 0x000000043d400000| Untracked 
| 236|0x000000043d800000, 0x000000043d800000, 0x000000043dc00000|  0%| F|  |TAMS 0x000000043d800000, 0x000000043d800000| Untracked 
| 237|0x000000043dc00000, 0x000000043dc00000, 0x000000043e000000|  0%| F|  |TAMS 0x000000043dc00000, 0x000000043dc00000| Untracked 
| 238|0x000000043e000000, 0x000000043e000000, 0x000000043e400000|  0%| F|  |TAMS 0x000000043e000000, 0x000000043e000000| Untracked 
| 239|0x000000043e400000, 0x000000043e400000, 0x000000043e800000|  0%| F|  |TAMS 0x000000043e400000, 0x000000043e400000| Untracked 
| 240|0x000000043e800000, 0x000000043e800000, 0x000000043ec00000|  0%| F|  |TAMS 0x000000043e800000, 0x000000043e800000| Untracked 
| 241|0x000000043ec00000, 0x000000043ec00000, 0x000000043f000000|  0%| F|  |TAMS 0x000000043ec00000, 0x000000043ec00000| Untracked 
| 242|0x000000043f000000, 0x000000043f000000, 0x000000043f400000|  0%| F|  |TAMS 0x000000043f000000, 0x000000043f000000| Untracked 
| 243|0x000000043f400000, 0x000000043f400000, 0x000000043f800000|  0%| F|  |TAMS 0x000000043f400000, 0x000000043f400000| Untracked 
| 244|0x000000043f800000, 0x000000043f800000, 0x000000043fc00000|  0%| F|  |TAMS 0x000000043f800000, 0x000000043f800000| Untracked 
| 245|0x000000043fc00000, 0x000000043fc00000, 0x0000000440000000|  0%| F|  |TAMS 0x000000043fc00000, 0x000000043fc00000| Untracked 
| 246|0x0000000440000000, 0x0000000440000000, 0x0000000440400000|  0%| F|  |TAMS 0x0000000440000000, 0x0000000440000000| Untracked 
| 247|0x0000000440400000, 0x0000000440400000, 0x0000000440800000|  0%| F|  |TAMS 0x0000000440400000, 0x0000000440400000| Untracked 
| 248|0x0000000440800000, 0x0000000440800000, 0x0000000440c00000|  0%| F|  |TAMS 0x0000000440800000, 0x0000000440800000| Untracked 
| 249|0x0000000440c00000, 0x0000000440c00000, 0x0000000441000000|  0%| F|  |TAMS 0x0000000440c00000, 0x0000000440c00000| Untracked 
| 250|0x0000000441000000, 0x0000000441000000, 0x0000000441400000|  0%| F|  |TAMS 0x0000000441000000, 0x0000000441000000| Untracked 
| 251|0x0000000441400000, 0x0000000441400000, 0x0000000441800000|  0%| F|  |TAMS 0x0000000441400000, 0x0000000441400000| Untracked 
| 252|0x0000000441800000, 0x0000000441800000, 0x0000000441c00000|  0%| F|  |TAMS 0x0000000441800000, 0x0000000441800000| Untracked 
| 253|0x0000000441c00000, 0x0000000441deee18, 0x0000000442000000| 48%| E|  |TAMS 0x0000000441c00000, 0x0000000441c00000| Complete 
| 254|0x0000000442000000, 0x0000000442400000, 0x0000000442400000|100%| E|CS|TAMS 0x0000000442000000, 0x0000000442000000| Complete 
| 255|0x0000000442400000, 0x0000000442800000, 0x0000000442800000|100%| E|CS|TAMS 0x0000000442400000, 0x0000000442400000| Complete 

Card table byte_map: [0x0000017b78d30000,0x0000017b7ad20000] _byte_map_base: 0x0000017b76d1c000

Marking Bits (Prev, Next): (CMBitMap*) 0x0000017b6e932328, (CMBitMap*) 0x0000017b6e932360
 Prev Bits: [0x0000017b0f000000, 0x0000017b1ef60000)
 Next Bits: [0x0000017b1ef60000, 0x0000017b2eec0000)

Polling page: 0x0000017b6c7f0000

Metaspace:

Usage:
  Non-class:      9.79 MB capacity,     9.59 MB ( 98%) used,   197.41 KB (  2%) free+waste,    11.31 KB ( <1%) overhead. 
      Class:      1.00 MB capacity,   970.30 KB ( 94%) used,    53.77 KB (  5%) free+waste,     4.94 KB ( <1%) overhead. 
       Both:     10.79 MB capacity,    10.53 MB ( 98%) used,   251.18 KB (  2%) free+waste,    16.25 KB ( <1%) overhead. 

Virtual space:
  Non-class space:       10.00 MB reserved,      10.00 MB (100%) committed 
      Class space:        1.00 GB reserved,       1.12 MB ( <1%) committed 
             Both:        1.01 GB reserved,      11.12 MB (  1%) committed 

Chunk freelists:
   Non-Class:  3.00 KB
       Class:  3.38 KB
        Both:  6.38 KB

CodeHeap 'non-profiled nmethods': size=119168Kb used=117Kb max_used=117Kb free=119050Kb
 bounds [0x0000017b07ba0000, 0x0000017b07e10000, 0x0000017b0f000000]
CodeHeap 'profiled nmethods': size=119168Kb used=876Kb max_used=876Kb free=118291Kb
 bounds [0x0000017b00740000, 0x0000017b009b0000, 0x0000017b07ba0000]
CodeHeap 'non-nmethods': size=7424Kb used=1171Kb max_used=2308Kb free=6253Kb
 bounds [0x0000017b00000000, 0x0000017b00270000, 0x0000017b00740000]
 total_blobs=909 nmethods=519 adapters=310
 compilation: enabled
              stopped_count=0, restarted_count=0
 full_count=0

Compilation events (10 events):
Event: 186.655 Thread 0x0000017b2f683000  515       3       org.eclipse.jdt.launching.internal.org.objectweb.asm.Label::resolve (219 bytes)
Event: 186.656 Thread 0x0000017b2f683000 nmethod 515 0x0000017b00818510 code [0x0000017b008186e0, 0x0000017b00818c18]
Event: 186.656 Thread 0x0000017b2f683000  518       3       org.eclipse.jdt.launching.internal.org.objectweb.asm.ClassReader::readLabel (20 bytes)
Event: 186.656 Thread 0x0000017b2f683000 nmethod 518 0x0000017b00818f90 code [0x0000017b00819140, 0x0000017b00819578]
Event: 186.656 Thread 0x0000017b2f683000  516       3       org.eclipse.jdt.launching.internal.org.objectweb.asm.MethodWriter::visitMethodInsn (191 bytes)
Event: 186.656 Thread 0x0000017b2f683000 nmethod 516 0x0000017b00819710 code [0x0000017b00819940, 0x0000017b0081a268]
Event: 186.656 Thread 0x0000017b2f683000  517       3       org.eclipse.jdt.launching.internal.org.objectweb.asm.SymbolTable::addConstantMethodref (24 bytes)
Event: 186.656 Thread 0x0000017b2f683000 nmethod 517 0x0000017b0081a610 code [0x0000017b0081a7c0, 0x0000017b0081a988]
Event: 186.656 Thread 0x0000017b2f683000  519       3       org.eclipse.jdt.launching.internal.org.objectweb.asm.Label::accept (65 bytes)
Event: 186.656 Thread 0x0000017b2f683000 nmethod 519 0x0000017b0081aa90 code [0x0000017b0081ac60, 0x0000017b0081b1a8]

GC Heap History (0 events):
No events

Deoptimization events (3 events):
Event: 0.144 Thread 0x0000017b6e86e000 Uncommon trap: reason=unstable_if action=reinterpret pc=0x0000017b07baded0 method=java.util.HashMap.putVal(ILjava/lang/Object;Ljava/lang/Object;ZZ)Ljava/lang/Object; @ 181 c2
Event: 0.172 Thread 0x0000017b6e86e000 Uncommon trap: reason=loop_limit_check action=maybe_recompile pc=0x0000017b07bb78d8 method=java.math.BigInteger.implMulAdd([I[IIII)I @ 26 c2
Event: 0.201 Thread 0x0000017b6e86e000 Uncommon trap: reason=unstable_if action=reinterpret pc=0x0000017b07baccd0 method=java.lang.String.equals(Ljava/lang/Object;)Z @ 34 c2

Classes redefined (2 events):
Event: 146.716 Thread 0x0000017b2f5db800 redefined class name=HashMap_Project.SmartPhone2, count=1
Event: 186.655 Thread 0x0000017b2f5db800 redefined class name=HashMap_Project.SmartPhone2, count=2

Internal exceptions (4 events):
Event: 0.053 Thread 0x0000017b6e86e000 Exception <a 'java/lang/NoSuchMethodError'{0x00000004424de7a8}: java.lang.invoke.DirectMethodHandle$Holder.invokeSpecial(Ljava/lang/Object;Ljava/lang/Object;Ljava/lang/Object;Ljava/lang/Object;)I> (0x00000004424de7a8) thrown at [./open/src/hotspot/share/i
Event: 0.054 Thread 0x0000017b6e86e000 Exception <a 'java/lang/NoSuchMethodError'{0x00000004424e6f98}: java.lang.invoke.DirectMethodHandle$Holder.invokeVirtual(Ljava/lang/Object;Ljava/lang/Object;)V> (0x00000004424e6f98) thrown at [./open/src/hotspot/share/interpreter/linkResolver.cpp, line 77
Event: 0.142 Thread 0x0000017b6e86e000 Exception <a 'java/lang/NoSuchMethodError'{0x000000044200a370}: java.lang.invoke.DirectMethodHandle$Holder.invokeStaticInit(Ljava/lang/Object;Ljava/lang/Object;)V> (0x000000044200a370) thrown at [./open/src/hotspot/share/interpreter/linkResolver.cpp, line
Event: 0.192 Thread 0x0000017b6e86e000 Exception <a 'java/lang/NoSuchMethodError'{0x0000000441c91820}: java.lang.invoke.DirectMethodHandle$Holder.invokeSpecialIFC(Ljava/lang/Object;Ljava/lang/Object;I)I> (0x0000000441c91820) thrown at [./open/src/hotspot/share/interpreter/linkResolver.cpp, lin

Events (10 events):
Event: 186.666 Executing VM operation: GetOwnedMonitorInfo done
Event: 186.667 Executing VM operation: GetCurrentContendedMonitor
Event: 186.667 Executing VM operation: GetCurrentContendedMonitor done
Event: 186.668 Executing VM operation: GetFrameLocation
Event: 186.668 Executing VM operation: GetFrameLocation done
Event: 186.668 Executing VM operation: GetOrSetLocal
Event: 186.668 Executing VM operation: GetOrSetLocal done
Event: 186.668 Executing VM operation: GetFrameLocation
Event: 186.668 Executing VM operation: GetFrameLocation done
Event: 186.668 Executing VM operation: GetOrSetLocal


Dynamic libraries:
0x00007ff7b23d0000 - 0x00007ff7b23e0000 	C:\Program Files\Java\jdk-11\bin\javaw.exe
0x00007ffd7fa90000 - 0x00007ffd7fca6000 	C:\Windows\SYSTEM32\ntdll.dll
0x00007ffd7ef90000 - 0x00007ffd7f054000 	C:\Windows\System32\KERNEL32.DLL
0x00007ffd7cf00000 - 0x00007ffd7d2a7000 	C:\Windows\System32\KERNELBASE.dll
0x00007ffd7d370000 - 0x00007ffd7d481000 	C:\Windows\System32\ucrtbase.dll
0x00007ffd72240000 - 0x00007ffd72259000 	C:\Program Files\Java\jdk-11\bin\jli.dll
0x00007ffd7e6d0000 - 0x00007ffd7e782000 	C:\Windows\System32\ADVAPI32.dll
0x00007ffd71ca0000 - 0x00007ffd71cbb000 	C:\Program Files\Java\jdk-11\bin\VCRUNTIME140.dll
0x00007ffd7d890000 - 0x00007ffd7d937000 	C:\Windows\System32\msvcrt.dll
0x00007ffd7f9a0000 - 0x00007ffd7fa48000 	C:\Windows\System32\sechost.dll
0x00007ffd7ced0000 - 0x00007ffd7cef8000 	C:\Windows\System32\bcrypt.dll
0x00007ffd7ec90000 - 0x00007ffd7eda5000 	C:\Windows\System32\RPCRT4.dll
0x00007ffd7f7f0000 - 0x00007ffd7f99e000 	C:\Windows\System32\USER32.dll
0x00007ffd7d530000 - 0x00007ffd7d556000 	C:\Windows\System32\win32u.dll
0x00007ffd7eeb0000 - 0x00007ffd7eed9000 	C:\Windows\System32\GDI32.dll
0x00007ffd7cdb0000 - 0x00007ffd7cec9000 	C:\Windows\System32\gdi32full.dll
0x00007ffd65600000 - 0x00007ffd65893000 	C:\Windows\WinSxS\amd64_microsoft.windows.common-controls_6595b64144ccf1df_6.0.22621.3235_none_270f74e173860f98\COMCTL32.dll
0x00007ffd7d490000 - 0x00007ffd7d52a000 	C:\Windows\System32\msvcp_win.dll
0x00007ffd76800000 - 0x00007ffd7680a000 	C:\Windows\SYSTEM32\VERSION.dll
0x00007ffd7e300000 - 0x00007ffd7e331000 	C:\Windows\System32\IMM32.DLL
0x00007ffd7a1b0000 - 0x00007ffd7a1bc000 	C:\Program Files\Java\jdk-11\bin\vcruntime140_1.dll
0x00007ffd65230000 - 0x00007ffd652be000 	C:\Program Files\Java\jdk-11\bin\msvcp140.dll
0x00007ffd2e780000 - 0x00007ffd2f2de000 	C:\Program Files\Java\jdk-11\bin\server\jvm.dll
0x00007ffd7f6c0000 - 0x00007ffd7f6c8000 	C:\Windows\System32\PSAPI.DLL
0x00007ffd79ef0000 - 0x00007ffd79ef9000 	C:\Windows\SYSTEM32\WSOCK32.dll
0x00007ffd7ee30000 - 0x00007ffd7eea1000 	C:\Windows\System32\WS2_32.dll
0x00007ffd726d0000 - 0x00007ffd72704000 	C:\Windows\SYSTEM32\WINMM.dll
0x00007ffd7be40000 - 0x00007ffd7be58000 	C:\Windows\SYSTEM32\kernel.appcore.dll
0x00007ffd79b40000 - 0x00007ffd79b50000 	C:\Program Files\Java\jdk-11\bin\verify.dll
0x00007ffd6d920000 - 0x00007ffd6db53000 	C:\Windows\SYSTEM32\DBGHELP.DLL
0x00007ffd7e340000 - 0x00007ffd7e6c8000 	C:\Windows\System32\combase.dll
0x00007ffd7f060000 - 0x00007ffd7f137000 	C:\Windows\System32\OLEAUT32.dll
0x00007ffd6ec20000 - 0x00007ffd6ec52000 	C:\Windows\SYSTEM32\dbgcore.DLL
0x00007ffd7d560000 - 0x00007ffd7d5d9000 	C:\Windows\System32\bcryptPrimitives.dll
0x00007ffd71410000 - 0x00007ffd71438000 	C:\Program Files\Java\jdk-11\bin\java.dll
0x00007ffd722c0000 - 0x00007ffd722ca000 	C:\Program Files\Java\jdk-11\bin\jimage.dll
0x00007ffd65130000 - 0x00007ffd65168000 	C:\Program Files\Java\jdk-11\bin\jdwp.dll
0x00007ffd70a00000 - 0x00007ffd70a0e000 	C:\Program Files\Java\jdk-11\bin\instrument.dll
0x00007ffd6dfd0000 - 0x00007ffd6dfe7000 	C:\Program Files\Java\jdk-11\bin\zip.dll
0x00007ffd7d9a0000 - 0x00007ffd7e1fc000 	C:\Windows\System32\SHELL32.dll
0x00007ffd7ad20000 - 0x00007ffd7b619000 	C:\Windows\SYSTEM32\windows.storage.dll
0x00007ffd7abe0000 - 0x00007ffd7ad1e000 	C:\Windows\SYSTEM32\wintypes.dll
0x00007ffd7f6d0000 - 0x00007ffd7f7c3000 	C:\Windows\System32\SHCORE.dll
0x00007ffd7edd0000 - 0x00007ffd7ee2e000 	C:\Windows\System32\shlwapi.dll
0x00007ffd7cce0000 - 0x00007ffd7cd01000 	C:\Windows\SYSTEM32\profapi.dll
0x00007ffd6de30000 - 0x00007ffd6de49000 	C:\Program Files\Java\jdk-11\bin\net.dll
0x00007ffd77760000 - 0x00007ffd77896000 	C:\Windows\SYSTEM32\WINHTTP.dll
0x00007ffd7c350000 - 0x00007ffd7c3b9000 	C:\Windows\system32\mswsock.dll
0x00007ffd6d240000 - 0x00007ffd6d252000 	C:\Program Files\Java\jdk-11\bin\nio.dll
0x00007ffd70910000 - 0x00007ffd7091b000 	C:\Program Files\Java\jdk-11\bin\dt_socket.dll
0x00007ffd7b960000 - 0x00007ffd7ba59000 	C:\Windows\SYSTEM32\DNSAPI.dll
0x00007ffd7b8f0000 - 0x00007ffd7b91d000 	C:\Windows\SYSTEM32\IPHLPAPI.DLL
0x00007ffd7e970000 - 0x00007ffd7e979000 	C:\Windows\System32\NSI.dll
0x00007ffd76f10000 - 0x00007ffd76f93000 	C:\Windows\System32\fwpuclnt.dll
0x00007ffd71b10000 - 0x00007ffd71b1a000 	C:\Windows\System32\rasadhlp.dll

dbghelp: loaded successfully - version: 4.0.5 - missing functions: none
symbol engine: initialized successfully - sym options: 0x614 - pdb path: .;C:\Program Files\Java\jdk-11\bin;C:\Windows\SYSTEM32;C:\Windows\WinSxS\amd64_microsoft.windows.common-controls_6595b64144ccf1df_6.0.22621.3235_none_270f74e173860f98;C:\Program Files\Java\jdk-11\bin\server

VM Arguments:
jvm_args: -agentlib:jdwp=transport=dt_socket,suspend=y,address=localhost:63777 -javaagent:C:\Users\ºñÆ®Ä·ÇÁ\Desktop\JAVA\eclipse-jee-2019-09-R-win32-x86_64\eclipse\configuration\org.eclipse.osgi\412\0\.cp\lib\javaagent-shaded.jar -Dfile.encoding=UTF-8 --module-path=C:\Users\ºñÆ®Ä·ÇÁ\Desktop\0514Project\bin -Djdk.module.main=Addr 
java_command: Addr/HashMap_Project.SmartPhoneMain
java_class_path (initial): <not set>
Launcher Type: SUN_STANDARD

[Global flags]
     intx CICompilerCount                          = 12                                        {product} {ergonomic}
     uint ConcGCThreads                            = 5                                         {product} {ergonomic}
     uint G1ConcRefinementThreads                  = 18                                        {product} {ergonomic}
   size_t G1HeapRegionSize                         = 4194304                                   {product} {ergonomic}
    uintx GCDrainStackTargetSize                   = 64                                        {product} {ergonomic}
   size_t InitialHeapSize                          = 1073741824                                {product} {ergonomic}
   size_t MarkStackSize                            = 4194304                                   {product} {ergonomic}
   size_t MaxHeapSize                              = 17137926144                               {product} {ergonomic}
   size_t MaxNewSize                               = 10280239104                               {product} {ergonomic}
   size_t MinHeapDeltaBytes                        = 4194304                                   {product} {ergonomic}
    uintx NonNMethodCodeHeapSize                   = 7594288                                {pd product} {ergonomic}
    uintx NonProfiledCodeHeapSize                  = 122031976                              {pd product} {ergonomic}
    uintx ProfiledCodeHeapSize                     = 122031976                              {pd product} {ergonomic}
    uintx ReservedCodeCacheSize                    = 251658240                              {pd product} {ergonomic}
     bool SegmentedCodeCache                       = true                                      {product} {ergonomic}
     bool UseCompressedClassPointers               = true                                 {lp64_product} {ergonomic}
     bool UseCompressedOops                        = true                                 {lp64_product} {ergonomic}
     bool UseG1GC                                  = true                                      {product} {ergonomic}
     bool UseLargePagesIndividualAllocation        = false                                  {pd product} {ergonomic}

Logging:
Log output configuration:
 #0: stdout all=warning uptime,level,tags
 #1: stderr all=off uptime,level,tags

Environment Variables:
PATH=C:\Program Files\Common Files\Oracle\Java\javapath;C:\Windows\system32;C:\Windows;C:\Windows\System32\Wbem;C:\Windows\System32\WindowsPowerShell\v1.0\;C:\Windows\System32\OpenSSH\;C:\Users\ºñÆ®Ä·ÇÁ\AppData\Local\Microsoft\WindowsApps;
USERNAME=ºñÆ®Ä·ÇÁ
OS=Windows_NT
PROCESSOR_IDENTIFIER=Intel64 Family 6 Model 151 Stepping 2, GenuineIntel



---------------  S Y S T E M  ---------------

OS: Windows 11 , 64 bit Build 22621 (10.0.22621.3374)

CPU:total 24 (initial active 24) (12 cores per cpu, 2 threads per core) family 6 model 151 stepping 2 microcode 0x1a, cmov, cx8, fxsr, mmx, sse, sse2, sse3, ssse3, sse4.1, sse4.2, popcnt, avx, avx2, aes, clmul, erms, 3dnowpref, lzcnt, ht, tsc, tscinvbit, bmi1, bmi2, adx, sha, fma

Memory: 4k page, system-wide physical 65373M (56095M free)
TotalPageFile size 74589M (AvailPageFile size 60131M)
current process WorkingSet (physical memory assigned to process): 52M, peak: 52M
current process commit charge ("private bytes"): 1168M, peak: 1168M

vm_info: Java HotSpot(TM) 64-Bit Server VM (11.0.23+7-LTS-222) for windows-amd64 JRE (11.0.23+7-LTS-222), built on Mar 11 2024 22:13:52 by "mach5one" with MS VC++ 17.6 (VS2022)

END.
